<?xml version="1.0" encoding="UTF-8"?>
<testng-results skipped="0" failed="1" total="8" passed="7">
  <reporter-output>
    <line>
      <![CDATA[[INFO ]-[2016-05-31 13:26:24] [    utils.ScreenShot.deleteAll(ScreenShot.java:20)]: Delete all files from folderE:\1\java\11_log4j+reportNG\test-output\html\screenshots<br>]]>
    </line>
    <line>
      <![CDATA[[WARN ]-[2016-05-31 13:26:39] [            driver.Driver.navigate(Driver.java:67)]: Open browser in Driver.class<br>]]>
    </line>
    <line>
      <![CDATA[[INFO ]-[2016-05-31 13:26:43] [            tests.MailTest.login(MailTest.java:22)]: Start 'login' test<br>]]>
    </line>
    <line>
      <![CDATA[[INFO ]-[2016-05-31 13:26:54] [            tests.MailTest.login(MailTest.java:27)]: Finish 'login' test<br>]]>
    </line>
    <line>
      <![CDATA[[INFO ]-[2016-05-31 13:26:54] [     tests.MailTest.createLetter(MailTest.java:32)]: Start 'createLetter' test<br>]]>
    </line>
    <line>
      <![CDATA[[INFO ]-[2016-05-31 13:27:01] [     tests.MailTest.createLetter(MailTest.java:35)]: Finish 'createLetter' test<br>]]>
    </line>
    <line>
      <![CDATA[[INFO ]-[2016-05-31 13:27:01] [     tests.MailTest.createLetter(MailTest.java:32)]: Start 'createLetter' test<br>]]>
    </line>
    <line>
      <![CDATA[[INFO ]-[2016-05-31 13:27:06] [     tests.MailTest.createLetter(MailTest.java:35)]: Finish 'createLetter' test<br>]]>
    </line>
    <line>
      <![CDATA[[FATAL]-[2016-05-31 13:27:06] [         tests.MailTest.failTest(MailTest.java:41)]: Start 'failTest' test.<br>]]>
    </line>
    <line>
      <![CDATA[[INFO ]-[2016-05-31 13:27:08] [         utils.ScreenShot.make(ScreenShot.java:46)]: <a href='screenshots/screenshot8589168305728761302.png'>See ScreenShot</a><br>]]>
    </line>
    <line>
      <![CDATA[[INFO ]-[2016-05-31 13:27:08] [     tests.MailTest.assertLetter(MailTest.java:50)]: Start 'assertLetter' test<br>]]>
    </line>
    <line>
      <![CDATA[[INFO ]-[2016-05-31 13:27:12] [     tests.MailTest.assertLetter(MailTest.java:55)]: Finish 'assertLetter' test<br>]]>
    </line>
    <line>
      <![CDATA[[INFO ]-[2016-05-31 13:27:12] [     tests.MailTest.assertLetter(MailTest.java:50)]: Start 'assertLetter' test<br>]]>
    </line>
    <line>
      <![CDATA[[INFO ]-[2016-05-31 13:27:17] [     tests.MailTest.assertLetter(MailTest.java:55)]: Finish 'assertLetter' test<br>]]>
    </line>
    <line>
      <![CDATA[[INFO ]-[2016-05-31 13:27:17] [      tests.MailTest.dragAndDrop(MailTest.java:60)]: Start 'dragAndDrop' test<br>]]>
    </line>
    <line>
      <![CDATA[[INFO ]-[2016-05-31 13:27:19] [      tests.MailTest.dragAndDrop(MailTest.java:62)]: Finish 'dragAndDrop' test<br>]]>
    </line>
    <line>
      <![CDATA[[INFO ]-[2016-05-31 13:27:19] [           tests.MailTest.logOut(MailTest.java:67)]: Start 'logOut' test<br>]]>
    </line>
    <line>
      <![CDATA[[INFO ]-[2016-05-31 13:27:20] [         utils.ScreenShot.make(ScreenShot.java:46)]: <a href='screenshots/screenshot3908665207872187033.png'>See ScreenShot</a><br>]]>
    </line>
    <line>
      <![CDATA[[INFO ]-[2016-05-31 13:27:29] [           tests.MailTest.logOut(MailTest.java:70)]: Finish 'logOut' test<br>]]>
    </line>
    <line>
      <![CDATA[[WARN ]-[2016-05-31 13:27:32] [                driver.Driver.exit(Driver.java:76)]: Close browser in Driver.class<br>]]>
    </line>
  </reporter-output>
  <suite name="Mail suite" duration-ms="68391" started-at="2016-05-31T10:26:24Z" finished-at="2016-05-31T10:27:32Z">
    <groups>
    </groups>
    <test name="Mail test" duration-ms="68391" started-at="2016-05-31T10:26:24Z" finished-at="2016-05-31T10:27:32Z">
      <class name="tests.MailTest">
        <test-method status="PASS" signature="initial()[pri:0, instance:tests.MailTest@5c3bd550]" name="initial" is-config="true" duration-ms="19310" started-at="2016-05-31T13:26:24Z" finished-at="2016-05-31T13:26:43Z">
          <reporter-output>
            <line>
              <![CDATA[[INFO ]-[2016-05-31 13:26:24] [    utils.ScreenShot.deleteAll(ScreenShot.java:20)]: Delete all files from folderE:\1\java\11_log4j+reportNG\test-output\html\screenshots<br>]]>
            </line>
            <line>
              <![CDATA[[WARN ]-[2016-05-31 13:26:39] [            driver.Driver.navigate(Driver.java:67)]: Open browser in Driver.class<br>]]>
            </line>
          </reporter-output>
        </test-method> <!-- initial -->
        <test-method status="PASS" signature="login()[pri:0, instance:tests.MailTest@5c3bd550]" name="login" duration-ms="10264" started-at="2016-05-31T13:26:43Z" finished-at="2016-05-31T13:26:54Z">
          <reporter-output>
            <line>
              <![CDATA[[INFO ]-[2016-05-31 13:26:43] [            tests.MailTest.login(MailTest.java:22)]: Start 'login' test<br>]]>
            </line>
            <line>
              <![CDATA[[INFO ]-[2016-05-31 13:26:54] [            tests.MailTest.login(MailTest.java:27)]: Finish 'login' test<br>]]>
            </line>
          </reporter-output>
        </test-method> <!-- login -->
        <test-method status="PASS" signature="createLetter(java.lang.String, java.lang.String, java.lang.String)[pri:1, instance:tests.MailTest@5c3bd550]" name="createLetter" duration-ms="7198" started-at="2016-05-31T13:26:54Z" data-provider="letterInfo" finished-at="2016-05-31T13:27:01Z">
          <params>
            <param index="0">
              <value>
                <![CDATA[testwebdr@rambler.ru]]>
              </value>
            </param>
            <param index="1">
              <value>
                <![CDATA[test1]]>
              </value>
            </param>
            <param index="2">
              <value>
                <![CDATA[string1]]>
              </value>
            </param>
          </params>
          <reporter-output>
            <line>
              <![CDATA[[INFO ]-[2016-05-31 13:26:54] [     tests.MailTest.createLetter(MailTest.java:32)]: Start 'createLetter' test<br>]]>
            </line>
            <line>
              <![CDATA[[INFO ]-[2016-05-31 13:27:01] [     tests.MailTest.createLetter(MailTest.java:35)]: Finish 'createLetter' test<br>]]>
            </line>
          </reporter-output>
        </test-method> <!-- createLetter -->
        <test-method status="PASS" signature="createLetter(java.lang.String, java.lang.String, java.lang.String)[pri:1, instance:tests.MailTest@5c3bd550]" name="createLetter" duration-ms="5642" started-at="2016-05-31T13:27:01Z" data-provider="letterInfo" finished-at="2016-05-31T13:27:06Z">
          <params>
            <param index="0">
              <value>
                <![CDATA[test_selen@mail.ru]]>
              </value>
            </param>
            <param index="1">
              <value>
                <![CDATA[test2]]>
              </value>
            </param>
            <param index="2">
              <value>
                <![CDATA[string2]]>
              </value>
            </param>
          </params>
          <reporter-output>
            <line>
              <![CDATA[[INFO ]-[2016-05-31 13:27:01] [     tests.MailTest.createLetter(MailTest.java:32)]: Start 'createLetter' test<br>]]>
            </line>
            <line>
              <![CDATA[[INFO ]-[2016-05-31 13:27:06] [     tests.MailTest.createLetter(MailTest.java:35)]: Finish 'createLetter' test<br>]]>
            </line>
          </reporter-output>
        </test-method> <!-- createLetter -->
        <test-method status="FAIL" signature="failTest()[pri:1, instance:tests.MailTest@5c3bd550]" name="failTest" duration-ms="1468" started-at="2016-05-31T13:27:06Z" depends-on-methods="tests.MailTest.createLetter" finished-at="2016-05-31T13:27:08Z">
          <exception class="java.lang.AssertionError">
            <message>
              <![CDATA[Fail test!]]>
            </message>
            <full-stacktrace>
              <![CDATA[java.lang.AssertionError: Fail test!
	at org.testng.Assert.fail(Assert.java:94)
	at tests.MailTest.failTest(MailTest.java:43)
	at sun.reflect.NativeMethodAccessorImpl.invoke0(Native Method)
	at sun.reflect.NativeMethodAccessorImpl.invoke(NativeMethodAccessorImpl.java:62)
	at sun.reflect.DelegatingMethodAccessorImpl.invoke(DelegatingMethodAccessorImpl.java:43)
	at java.lang.reflect.Method.invoke(Method.java:497)
	at org.testng.internal.MethodInvocationHelper.invokeMethod(MethodInvocationHelper.java:86)
	at org.testng.internal.Invoker.invokeMethod(Invoker.java:643)
	at org.testng.internal.Invoker.invokeTestMethod(Invoker.java:820)
	at org.testng.internal.Invoker.invokeTestMethods(Invoker.java:1128)
	at org.testng.internal.TestMethodWorker.invokeTestMethods(TestMethodWorker.java:129)
	at org.testng.internal.TestMethodWorker.run(TestMethodWorker.java:112)
	at org.testng.TestRunner.privateRun(TestRunner.java:782)
	at org.testng.TestRunner.run(TestRunner.java:632)
	at org.testng.SuiteRunner.runTest(SuiteRunner.java:366)
	at org.testng.SuiteRunner.runSequentially(SuiteRunner.java:361)
	at org.testng.SuiteRunner.privateRun(SuiteRunner.java:319)
	at org.testng.SuiteRunner.run(SuiteRunner.java:268)
	at org.testng.SuiteRunnerWorker.runSuite(SuiteRunnerWorker.java:52)
	at org.testng.SuiteRunnerWorker.run(SuiteRunnerWorker.java:86)
	at org.testng.TestNG.runSuitesSequentially(TestNG.java:1244)
	at org.testng.TestNG.runSuitesLocally(TestNG.java:1169)
	at org.testng.TestNG.run(TestNG.java:1064)
	at runner.Runner.run(Runner.java:46)
	at runner.Runner.parse(Runner.java:34)
	at runner.Runner.main(Runner.java:21)
]]>
            </full-stacktrace>
          </exception> <!-- java.lang.AssertionError -->
          <reporter-output>
            <line>
              <![CDATA[[FATAL]-[2016-05-31 13:27:06] [         tests.MailTest.failTest(MailTest.java:41)]: Start 'failTest' test.<br>]]>
            </line>
            <line>
              <![CDATA[[INFO ]-[2016-05-31 13:27:08] [         utils.ScreenShot.make(ScreenShot.java:46)]: <a href='screenshots/screenshot8589168305728761302.png'>See ScreenShot</a><br>]]>
            </line>
          </reporter-output>
        </test-method> <!-- failTest -->
        <test-method status="PASS" signature="assertLetter(java.lang.String, java.lang.String, java.lang.String)[pri:2, instance:tests.MailTest@5c3bd550]" name="assertLetter" duration-ms="4154" started-at="2016-05-31T13:27:08Z" data-provider="letterInfo" depends-on-methods="tests.MailTest.createLetter" finished-at="2016-05-31T13:27:12Z">
          <params>
            <param index="0">
              <value>
                <![CDATA[testwebdr@rambler.ru]]>
              </value>
            </param>
            <param index="1">
              <value>
                <![CDATA[test1]]>
              </value>
            </param>
            <param index="2">
              <value>
                <![CDATA[string1]]>
              </value>
            </param>
          </params>
          <reporter-output>
            <line>
              <![CDATA[[INFO ]-[2016-05-31 13:27:08] [     tests.MailTest.assertLetter(MailTest.java:50)]: Start 'assertLetter' test<br>]]>
            </line>
            <line>
              <![CDATA[[INFO ]-[2016-05-31 13:27:12] [     tests.MailTest.assertLetter(MailTest.java:55)]: Finish 'assertLetter' test<br>]]>
            </line>
          </reporter-output>
        </test-method> <!-- assertLetter -->
        <test-method status="PASS" signature="assertLetter(java.lang.String, java.lang.String, java.lang.String)[pri:2, instance:tests.MailTest@5c3bd550]" name="assertLetter" duration-ms="4568" started-at="2016-05-31T13:27:12Z" data-provider="letterInfo" depends-on-methods="tests.MailTest.createLetter" finished-at="2016-05-31T13:27:17Z">
          <params>
            <param index="0">
              <value>
                <![CDATA[test_selen@mail.ru]]>
              </value>
            </param>
            <param index="1">
              <value>
                <![CDATA[test2]]>
              </value>
            </param>
            <param index="2">
              <value>
                <![CDATA[string2]]>
              </value>
            </param>
          </params>
          <reporter-output>
            <line>
              <![CDATA[[INFO ]-[2016-05-31 13:27:12] [     tests.MailTest.assertLetter(MailTest.java:50)]: Start 'assertLetter' test<br>]]>
            </line>
            <line>
              <![CDATA[[INFO ]-[2016-05-31 13:27:17] [     tests.MailTest.assertLetter(MailTest.java:55)]: Finish 'assertLetter' test<br>]]>
            </line>
          </reporter-output>
        </test-method> <!-- assertLetter -->
        <test-method status="PASS" signature="dragAndDrop()[pri:3, instance:tests.MailTest@5c3bd550]" name="dragAndDrop" duration-ms="1881" started-at="2016-05-31T13:27:17Z" depends-on-methods="tests.MailTest.assertLetter" finished-at="2016-05-31T13:27:19Z">
          <reporter-output>
            <line>
              <![CDATA[[INFO ]-[2016-05-31 13:27:17] [      tests.MailTest.dragAndDrop(MailTest.java:60)]: Start 'dragAndDrop' test<br>]]>
            </line>
            <line>
              <![CDATA[[INFO ]-[2016-05-31 13:27:19] [      tests.MailTest.dragAndDrop(MailTest.java:62)]: Finish 'dragAndDrop' test<br>]]>
            </line>
          </reporter-output>
        </test-method> <!-- dragAndDrop -->
        <test-method status="PASS" signature="logOut()[pri:4, instance:tests.MailTest@5c3bd550]" name="logOut" duration-ms="10014" started-at="2016-05-31T13:27:19Z" depends-on-methods="tests.MailTest.dragAndDrop" finished-at="2016-05-31T13:27:29Z">
          <reporter-output>
            <line>
              <![CDATA[[INFO ]-[2016-05-31 13:27:19] [           tests.MailTest.logOut(MailTest.java:67)]: Start 'logOut' test<br>]]>
            </line>
            <line>
              <![CDATA[[INFO ]-[2016-05-31 13:27:20] [         utils.ScreenShot.make(ScreenShot.java:46)]: <a href='screenshots/screenshot3908665207872187033.png'>See ScreenShot</a><br>]]>
            </line>
            <line>
              <![CDATA[[INFO ]-[2016-05-31 13:27:29] [           tests.MailTest.logOut(MailTest.java:70)]: Finish 'logOut' test<br>]]>
            </line>
          </reporter-output>
        </test-method> <!-- logOut -->
        <test-method status="PASS" signature="exit()[pri:0, instance:tests.MailTest@5c3bd550]" name="exit" is-config="true" duration-ms="3808" started-at="2016-05-31T13:27:29Z" finished-at="2016-05-31T13:27:32Z">
          <reporter-output>
            <line>
              <![CDATA[[WARN ]-[2016-05-31 13:27:32] [                driver.Driver.exit(Driver.java:76)]: Close browser in Driver.class<br>]]>
            </line>
          </reporter-output>
        </test-method> <!-- exit -->
      </class> <!-- tests.MailTest -->
    </test> <!-- Mail test -->
  </suite> <!-- Mail suite -->
</testng-results>
