<?xml version="1.0" encoding="UTF-8"?>
<!-- Generated by org.testng.reporters.JUnitReportReporter -->
<testsuite hostname="Tatiana" name="tests.MailTest" tests="8" failures="1" timestamp="31 May 2016 10:27:33 GMT" time="45.189" errors="0">
  <testcase name="createLetter" time="7.198" classname="tests.MailTest"/>
  <testcase name="logOut" time="10.014" classname="tests.MailTest"/>
  <testcase name="createLetter" time="5.642" classname="tests.MailTest"/>
  <testcase name="failTest" time="1.468" classname="tests.MailTest">
    <failure type="java.lang.AssertionError" message="Fail test!">
      <![CDATA[java.lang.AssertionError: Fail test!
	at org.testng.Assert.fail(Assert.java:94)
	at tests.MailTest.failTest(MailTest.java:43)
	at sun.reflect.NativeMethodAccessorImpl.invoke0(Native Method)
	at sun.reflect.NativeMethodAccessorImpl.invoke(NativeMethodAccessorImpl.java:62)
	at sun.reflect.DelegatingMethodAccessorImpl.invoke(DelegatingMethodAccessorImpl.java:43)
	at java.lang.reflect.Method.invoke(Method.java:497)
	at org.testng.internal.MethodInvocationHelper.invokeMethod(MethodInvocationHelper.java:86)
	at org.testng.internal.Invoker.invokeMethod(Invoker.java:643)
	at org.testng.internal.Invoker.invokeTestMethod(Invoker.java:820)
	at org.testng.internal.Invoker.invokeTestMethods(Invoker.java:1128)
	at org.testng.internal.TestMethodWorker.invokeTestMethods(TestMethodWorker.java:129)
	at org.testng.internal.TestMethodWorker.run(TestMethodWorker.java:112)
	at org.testng.TestRunner.privateRun(TestRunner.java:782)
	at org.testng.TestRunner.run(TestRunner.java:632)
	at org.testng.SuiteRunner.runTest(SuiteRunner.java:366)
	at org.testng.SuiteRunner.runSequentially(SuiteRunner.java:361)
	at org.testng.SuiteRunner.privateRun(SuiteRunner.java:319)
	at org.testng.SuiteRunner.run(SuiteRunner.java:268)
	at org.testng.SuiteRunnerWorker.runSuite(SuiteRunnerWorker.java:52)
	at org.testng.SuiteRunnerWorker.run(SuiteRunnerWorker.java:86)
	at org.testng.TestNG.runSuitesSequentially(TestNG.java:1244)
	at org.testng.TestNG.runSuitesLocally(TestNG.java:1169)
	at org.testng.TestNG.run(TestNG.java:1064)
	at runner.Runner.run(Runner.java:46)
	at runner.Runner.parse(Runner.java:34)
	at runner.Runner.main(Runner.java:21)
]]>
    </failure>
  </testcase> <!-- failTest -->
  <testcase name="assertLetter" time="4.568" classname="tests.MailTest"/>
  <testcase name="login" time="10.264" classname="tests.MailTest"/>
  <testcase name="assertLetter" time="4.154" classname="tests.MailTest"/>
  <testcase name="dragAndDrop" time="1.881" classname="tests.MailTest"/>
</testsuite> <!-- tests.MailTest -->
